Build started 4/28/2017 1:04:09 AM.
     1>Project "D:\code\cPlusExercise\SuperSockerServerMonitor\SuperSockerServerMonitor\SuperSockerServerMonitor.vcxproj" on node 2 (Build target(s)).
     1>ClCompile:
         C:\Program Files (x86)\Microsoft Visual Studio 11.0\VC\bin\CL.exe /c /ZI /nologo /W3 /WX- /Od /Oy- /D WIN32 /D _WINDOWS /D _DEBUG /D _MBCS /D _AFXDLL /Gm /EHsc /RTC1 /MDd /GS /fp:precise /Zc:wchar_t /Zc:forScope /Yu"stdafx.h" /Fp"Debug\SuperSockerServerMonitor.pch" /Fo"Debug\\" /Fd"Debug\vc110.pdb" /Gd /TP /analyze- /errorReport:prompt ChildView.cpp MainFrm.cpp SuperSockerServerMonitor.cpp
         Skipping... (no relevant changes detected)
         SuperSockerServerMonitor.cpp
         MainFrm.cpp
         ChildView.cpp
       ResourceCompile:
         C:\Program Files (x86)\Windows Kits\8.0\bin\x86\rc.exe /D _DEBUG /D _AFXDLL /l"0x0409" /IDebug\ /nologo /fo"Debug\SuperSockerServerMonitor.res" SuperSockerServerMonitor.rc 
       Link:
         C:\Program Files (x86)\Microsoft Visual Studio 11.0\VC\bin\link.exe /ERRORREPORT:PROMPT /OUT:"D:\code\cPlusExercise\SuperSockerServerMonitor\Debug\SuperSockerServerMonitor.exe" /INCREMENTAL /NOLOGO /MANIFEST /MANIFESTUAC:"level='asInvoker' uiAccess='false'" /manifest:embed /manifestinput:"C:\Program Files (x86)\Microsoft Visual Studio 11.0\VC\Include\Manifest\dpiaware.manifest" /DEBUG /PDB:"D:\code\cPlusExercise\SuperSockerServerMonitor\Debug\SuperSockerServerMonitor.pdb" /SUBSYSTEM:WINDOWS /TLBID:1 /DYNAMICBASE /NXCOMPAT /IMPLIB:"D:\code\cPlusExercise\SuperSockerServerMonitor\Debug\SuperSockerServerMonitor.lib" /MACHINE:X86 Debug\SuperSockerServerMonitor.res
         Debug\ChildView.obj
         Debug\MainFrm.obj
         Debug\stdafx.obj
         Debug\SuperSockerServerMonitor.obj
         SuperSockerServerMonitor.vcxproj -> D:\code\cPlusExercise\SuperSockerServerMonitor\Debug\SuperSockerServerMonitor.exe
     1>Done Building Project "D:\code\cPlusExercise\SuperSockerServerMonitor\SuperSockerServerMonitor\SuperSockerServerMonitor.vcxproj" (Build target(s)).

Build succeeded.

Time Elapsed 00:00:00.72
